2023-01-23 00:39:15.354 WARNING (SyncWorker_1) [homeassistant.loader] We found a custom integration sp110e which has not been tested by Home Assistant. This component might cause stability problems, be sure to disable it if you experience issues with Home Assistant
2023-01-23 00:39:15.356 WARNING (SyncWorker_1) [homeassistant.loader] We found a custom integration lovelace_gen which has not been tested by Home Assistant. This component might cause stability problems, be sure to disable it if you experience issues with Home Assistant
2023-01-23 00:39:15.357 WARNING (SyncWorker_1) [homeassistant.loader] We found a custom integration spotcast which has not been tested by Home Assistant. This component might cause stability problems, be sure to disable it if you experience issues with Home Assistant
2023-01-23 00:39:15.358 WARNING (SyncWorker_1) [homeassistant.loader] We found a custom integration browser_mod which has not been tested by Home Assistant. This component might cause stability problems, be sure to disable it if you experience issues with Home Assistant
2023-01-23 00:39:15.358 WARNING (SyncWorker_1) [homeassistant.loader] We found a custom integration hacs which has not been tested by Home Assistant. This component might cause stability problems, be sure to disable it if you experience issues with Home Assistant
2023-01-23 00:39:15.359 WARNING (SyncWorker_1) [homeassistant.loader] We found a custom integration sonoff which has not been tested by Home Assistant. This component might cause stability problems, be sure to disable it if you experience issues with Home Assistant
2023-01-23 00:39:15.360 WARNING (SyncWorker_1) [homeassistant.loader] We found a custom integration nodered which has not been tested by Home Assistant. This component might cause stability problems, be sure to disable it if you experience issues with Home Assistant
2023-01-23 00:39:15.360 WARNING (SyncWorker_1) [homeassistant.loader] We found a custom integration alexa_media which has not been tested by Home Assistant. This component might cause stability problems, be sure to disable it if you experience issues with Home Assistant
2023-01-23 00:39:15.371 WARNING (SyncWorker_1) [homeassistant.loader] We found a custom integration dwains_dashboard which has not been tested by Home Assistant. This component might cause stability problems, be sure to disable it if you experience issues with Home Assistant
2023-01-23 00:39:15.371 WARNING (SyncWorker_1) [homeassistant.loader] We found a custom integration webrtc which has not been tested by Home Assistant. This component might cause stability problems, be sure to disable it if you experience issues with Home Assistant
2023-01-23 00:39:15.372 WARNING (SyncWorker_1) [homeassistant.loader] We found a custom integration localtuya which has not been tested by Home Assistant. This component might cause stability problems, be sure to disable it if you experience issues with Home Assistant
2023-01-23 00:39:15.626 WARNING (MainThread) [homeassistant.components.lovelace] Lovelace is running in storage mode. Define resources via user interface
2023-01-23 00:39:25.856 WARNING (MainThread) [homeassistant.components.hassio] Could not fetch stats for a0d7b954_logviewer: Container addon_a0d7b954_logviewer is not running
2023-01-23 00:39:43.526 WARNING (zeroconf-ServiceBrowser-_googlecast._tcp-106) [pychromecast.dial] Failed to determine cast type for host <unknown> (<urlopen error [Errno 111] Connection refused>) (services:{ServiceInfo(type='mdns', data='Harman-Kardon-Enchan-5509ff52c003b69051f9022f1fd7a05d._googlecast._tcp.local.')})
2023-01-23 00:39:53.523 ERROR (MainThread) [homeassistant.components.homekit] HomeKit 1613Cam cannot startup: entity not available: {'include_domains': [], 'exclude_domains': [], 'include_entities': ['camera.1613cam'], 'exclude_entities': [], 'include_entity_globs': [], 'exclude_entity_globs': []}
2023-01-23 00:40:04.369 WARNING (MainThread) [homeassistant.components.media_player] Updating dlna_dmr media_player took longer than the scheduled update interval 0:00:10
2023-01-23 00:40:04.544 WARNING (MainThread) [homeassistant.helpers.entity] Update of media_player.kd_55x7000f is taking over 10 seconds
2023-01-23 00:40:06.028 ERROR (MainThread) [homeassistant] Error doing job: Task exception was never retrieved
Traceback (most recent call last):
  File "/usr/src/homeassistant/homeassistant/helpers/discovery_flow.py", line 71, in _async_start
    await gather_with_concurrency(
  File "/usr/src/homeassistant/homeassistant/util/async_.py", line 203, in gather_with_concurrency
    return await gather(
  File "/usr/src/homeassistant/homeassistant/util/async_.py", line 201, in sem_task
    return await task
  File "/usr/src/homeassistant/homeassistant/data_entry_flow.py", line 229, in async_init
    flow, result = await task
  File "/usr/src/homeassistant/homeassistant/data_entry_flow.py", line 256, in _async_init
    result = await self._async_handle_step(flow, flow.init_step, data, init_done)
  File "/usr/src/homeassistant/homeassistant/data_entry_flow.py", line 374, in _async_handle_step
    result: FlowResult = await getattr(flow, method)(user_input)
  File "/usr/src/homeassistant/homeassistant/components/netgear/config_flow.py", line 138, in async_step_ssdp
    await self.async_set_unique_id(discovery_info.upnp[ssdp.ATTR_UPNP_SERIAL])
KeyError: 'serialNumber'
